<?xml version="1.0" encoding="utf-8"?><testsuites name="pytest tests"><testsuite name="pytest" errors="0" failures="0" skipped="0" tests="15" time="3.626" timestamp="2026-02-09T13:22:42.779200+00:00" hostname="agent-env-166d9361-9b6c-4e7d-a49d-4e159a29636c"><testcase classname="tests.test_sprint3_features.TestPresenceHeartbeat" name="test_heartbeat_as_supervisor" time="0.406" /><testcase classname="tests.test_sprint3_features.TestPresenceHeartbeat" name="test_heartbeat_as_agent" time="0.306" /><testcase classname="tests.test_sprint3_features.TestPresenceHeartbeat" name="test_heartbeat_unauthorized" time="0.051" /><testcase classname="tests.test_sprint3_features.TestPresenceHeartbeat" name="test_go_offline" time="0.041" /><testcase classname="tests.test_sprint3_features.TestAgentsPresence" name="test_get_agents_presence_as_supervisor" time="0.307" /><testcase classname="tests.test_sprint3_features.TestAgentsPresence" name="test_get_agents_presence_unauthorized_for_agent" time="0.314" /><testcase classname="tests.test_sprint3_features.TestAgentsPresence" name="test_get_agents_presence_no_auth" time="0.041" /><testcase classname="tests.test_sprint3_features.TestDailyReports" name="test_daily_report_today" time="0.310" /><testcase classname="tests.test_sprint3_features.TestDailyReports" name="test_daily_report_with_date_param" time="0.037" /><testcase classname="tests.test_sprint3_features.TestDailyReports" name="test_daily_report_agent_data" time="0.042" /><testcase classname="tests.test_sprint3_features.TestDailyReports" name="test_daily_report_unauthorized_for_agent" time="0.312" /><testcase classname="tests.test_sprint3_features.TestWeeklyHoursReport" name="test_weekly_hours_report" time="0.313" /><testcase classname="tests.test_sprint3_features.TestWeeklyHoursReport" name="test_weekly_hours_has_correct_structure" time="0.043" /><testcase classname="tests.test_sprint3_features.TestWeeklyHoursReport" name="test_weekly_hours_unauthorized_for_agent" time="0.319" /><testcase classname="tests.test_sprint3_features.TestHeartbeatUpdatesPresence" name="test_heartbeat_makes_agent_online" time="0.642" /></testsuite></testsuites>