<?xml version="1.0" encoding="utf-8"?><testsuites name="pytest tests"><testsuite name="pytest" errors="0" failures="0" skipped="0" tests="19" time="23.512" timestamp="2026-02-25T22:42:57.323459+00:00" hostname="agent-env-1c18aa77-d343-4360-8bec-e68739c1e17c"><testcase classname="backend.tests.test_templates_feature.TestTemplatesAPI" name="test_create_template_supervisor" time="1.030" /><testcase classname="backend.tests.test_templates_feature.TestTemplatesAPI" name="test_create_template_televendas" time="1.024" /><testcase classname="backend.tests.test_templates_feature.TestTemplatesAPI" name="test_create_template_missing_required_fields" time="0.971" /><testcase classname="backend.tests.test_templates_feature.TestTemplatesAPI" name="test_get_templates_list" time="1.350" /><testcase classname="backend.tests.test_templates_feature.TestTemplatesAPI" name="test_get_templates_with_search" time="1.150" /><testcase classname="backend.tests.test_templates_feature.TestTemplatesAPI" name="test_get_templates_by_tag" time="1.298" /><testcase classname="backend.tests.test_templates_feature.TestTemplatesAPI" name="test_get_single_template" time="1.300" /><testcase classname="backend.tests.test_templates_feature.TestTemplatesAPI" name="test_get_template_not_found" time="1.028" /><testcase classname="backend.tests.test_templates_feature.TestTemplatesAPI" name="test_update_template" time="1.300" /><testcase classname="backend.tests.test_templates_feature.TestTemplatesAPI" name="test_update_template_not_found" time="0.859" /><testcase classname="backend.tests.test_templates_feature.TestTemplatesAPI" name="test_delete_template" time="1.243" /><testcase classname="backend.tests.test_templates_feature.TestTemplatesAPI" name="test_delete_template_not_found" time="1.112" /><testcase classname="backend.tests.test_templates_feature.TestTemplatesAPI" name="test_use_template" time="1.139" /><testcase classname="backend.tests.test_templates_feature.TestTemplatesAPI" name="test_use_template_increments_count" time="1.758" /><testcase classname="backend.tests.test_templates_feature.TestTemplatesAPI" name="test_use_template_suggests_date_from_preferred_day" time="1.246" /><testcase classname="backend.tests.test_templates_feature.TestTemplatesAPI" name="test_use_template_not_found" time="0.846" /><testcase classname="backend.tests.test_templates_feature.TestTemplateIntegration" name="test_use_template_suggests_date_from_last_appointment" time="1.491" /><testcase classname="backend.tests.test_templates_feature.TestTemplateIntegration" name="test_templates_only_visible_to_creator" time="1.211" /><testcase classname="backend.tests.test_templates_feature.TestTemplateIntegration" name="test_templates_sorted_by_use_count" time="2.099" /></testsuite></testsuites>