<?xml version="1.0" encoding="utf-8"?><testsuites name="pytest tests"><testsuite name="pytest" errors="0" failures="0" skipped="0" tests="25" time="6.403" timestamp="2026-02-25T16:46:47.643425+00:00" hostname="agent-env-166d9361-9b6c-4e7d-a49d-4e159a29636c"><testcase classname="backend.tests.test_refactor_features.TestAuthAndRoles" name="test_supervisor_login" time="0.440" /><testcase classname="backend.tests.test_refactor_features.TestAuthAndRoles" name="test_televendas_login" time="0.347" /><testcase classname="backend.tests.test_refactor_features.TestSlotsAllEndpoint" name="test_supervisor_can_access_slots" time="0.510" /><testcase classname="backend.tests.test_refactor_features.TestSlotsAllEndpoint" name="test_televendas_can_access_slots" time="0.591" /><testcase classname="backend.tests.test_refactor_features.TestSlotsAllEndpoint" name="test_slots_do_not_include_1240_by_default" time="0.381" /><testcase classname="backend.tests.test_refactor_features.TestSlotsAllEndpoint" name="test_slots_include_normal_lunch_slots" time="0.132" /><testcase classname="backend.tests.test_refactor_features.TestSlotsAllEndpoint" name="test_slots_have_availability_info" time="0.139" /><testcase classname="backend.tests.test_refactor_features.TestSlotsAllEndpoint" name="test_slots_have_extra_flag" time="0.350" /><testcase classname="backend.tests.test_refactor_features.TestExtraHoursEndpoints" name="test_get_extra_hours" time="0.142" /><testcase classname="backend.tests.test_refactor_features.TestExtraHoursEndpoints" name="test_update_extra_hours_supervisor" time="0.128" /><testcase classname="backend.tests.test_refactor_features.TestExtraHoursEndpoints" name="test_update_extra_hours_televendas_forbidden" time="0.160" /><testcase classname="backend.tests.test_refactor_features.TestExtraHoursEndpoints" name="test_extra_hours_appear_in_slots" time="0.297" /><testcase classname="backend.tests.test_refactor_features.TestExtraHoursEndpoints" name="test_deactivate_extra_hours" time="0.386" /><testcase classname="backend.tests.test_refactor_features.TestDashboardStats" name="test_supervisor_can_access_dashboard_stats" time="0.140" /><testcase classname="backend.tests.test_refactor_features.TestDashboardStats" name="test_televendas_cannot_access_dashboard_stats" time="0.136" /><testcase classname="backend.tests.test_refactor_features.TestSupervisorOnlyEndpoints" name="test_supervisor_can_access_pending" time="0.118" /><testcase classname="backend.tests.test_refactor_features.TestSupervisorOnlyEndpoints" name="test_televendas_cannot_access_pending" time="0.161" /><testcase classname="backend.tests.test_refactor_features.TestSupervisorOnlyEndpoints" name="test_supervisor_can_access_users" time="0.145" /><testcase classname="backend.tests.test_refactor_features.TestSupervisorOnlyEndpoints" name="test_televendas_cannot_access_users" time="0.201" /><testcase classname="backend.tests.test_refactor_features.TestSupervisorOnlyEndpoints" name="test_supervisor_can_access_presence" time="0.159" /><testcase classname="backend.tests.test_refactor_features.TestSupervisorOnlyEndpoints" name="test_televendas_cannot_access_presence" time="0.152" /><testcase classname="backend.tests.test_refactor_features.TestTelevendasPermissions" name="test_televendas_can_access_appointments" time="0.138" /><testcase classname="backend.tests.test_refactor_features.TestTelevendasPermissions" name="test_televendas_can_create_appointment" time="0.138" /><testcase classname="backend.tests.test_refactor_features.TestTelevendasPermissions" name="test_televendas_can_access_available_slots" time="0.206" /><testcase classname="backend.tests.test_refactor_features.TestDateNavigation" name="test_can_get_slots_for_different_dates" time="0.644" /></testsuite></testsuites>