<?xml version="1.0" encoding="utf-8"?><testsuites name="pytest tests"><testsuite name="pytest" errors="0" failures="0" skipped="0" tests="15" time="5.168" timestamp="2026-02-09T12:39:49.275743+00:00" hostname="agent-env-166d9361-9b6c-4e7d-a49d-4e159a29636c"><testcase classname="backend.tests.test_appointment_flow.TestAuthentication" name="test_televendas_login" time="0.288" /><testcase classname="backend.tests.test_appointment_flow.TestAuthentication" name="test_supervisor_login" time="0.261" /><testcase classname="backend.tests.test_appointment_flow.TestAuthentication" name="test_agente_login" time="0.266" /><testcase classname="backend.tests.test_appointment_flow.TestAuthentication" name="test_invalid_login" time="0.038" /><testcase classname="backend.tests.test_appointment_flow.TestAvailableSlots" name="test_available_slots_returns_data" time="0.325" /><testcase classname="backend.tests.test_appointment_flow.TestAvailableSlots" name="test_available_slots_tomorrow" time="0.354" /><testcase classname="backend.tests.test_appointment_flow.TestAppointmentCreation" name="test_create_appointment_with_new_fields" time="0.391" /><testcase classname="backend.tests.test_appointment_flow.TestAppointmentCreation" name="test_create_appointment_minimal" time="0.377" /><testcase classname="backend.tests.test_appointment_flow.TestAppointmentCreation" name="test_has_chat_toggle_true" time="0.384" /><testcase classname="backend.tests.test_appointment_flow.TestAppointmentCreation" name="test_has_chat_toggle_false" time="0.381" /><testcase classname="backend.tests.test_appointment_flow.TestPendingAssignments" name="test_supervisor_sees_pending_appointments" time="0.302" /><testcase classname="backend.tests.test_appointment_flow.TestPendingAssignments" name="test_supervisor_gets_attendants_list" time="0.340" /><testcase classname="backend.tests.test_appointment_flow.TestAssignmentWorkflow" name="test_full_assignment_workflow" time="0.733" /><testcase classname="backend.tests.test_appointment_flow.TestFileUpload" name="test_upload_multiple_files" time="0.356" /><testcase classname="backend.tests.test_appointment_flow.TestCleanup" name="test_cleanup_test_appointments" time="0.320" /></testsuite></testsuites>