<?xml version="1.0" encoding="utf-8"?><testsuites name="pytest tests"><testsuite name="pytest" errors="0" failures="0" skipped="4" tests="20" time="3.101" timestamp="2026-02-25T23:23:31.920135+00:00" hostname="agent-env-1c18aa77-d343-4360-8bec-e68739c1e17c"><testcase classname="tests.test_safeweb_serpro.TestUserPermissions" name="test_get_users_returns_permission_fields" time="0.429" /><testcase classname="tests.test_safeweb_serpro.TestUserPermissions" name="test_update_safeweb_permission" time="0.264" /><testcase classname="tests.test_safeweb_serpro.TestUserPermissions" name="test_update_serpro_permission" time="0.224" /><testcase classname="tests.test_safeweb_serpro.TestUserPermissions" name="test_get_users_with_safeweb_permission" time="0.064" /><testcase classname="tests.test_safeweb_serpro.TestUserPermissions" name="test_get_users_with_serpro_permission" time="0.063" /><testcase classname="tests.test_safeweb_serpro.TestUserPermissions" name="test_invalid_permission_system" time="0.054" /><testcase classname="tests.test_safeweb_serpro.TestAppointmentEmissionSystem" name="test_create_appointment_normal" time="0.148" /><testcase classname="tests.test_safeweb_serpro.TestAppointmentEmissionSystem" name="test_create_appointment_safeweb" time="0.223" /><testcase classname="tests.test_safeweb_serpro.TestAppointmentEmissionSystem" name="test_create_appointment_serpro" time="0.060"><skipped type="pytest.skip" message="No agents with Serpro permission available">/app/backend/tests/test_safeweb_serpro.py:270: No agents with Serpro permission available</skipped></testcase><testcase classname="tests.test_safeweb_serpro.TestAppointmentEmissionSystem" name="test_invalid_emission_system" time="0.061" /><testcase classname="tests.test_safeweb_serpro.TestAvailableSlotsFiltering" name="test_available_slots_normal" time="0.092" /><testcase classname="tests.test_safeweb_serpro.TestAvailableSlotsFiltering" name="test_available_slots_safeweb" time="0.103" /><testcase classname="tests.test_safeweb_serpro.TestAvailableSlotsFiltering" name="test_available_slots_serpro" time="0.099" /><testcase classname="tests.test_safeweb_serpro.TestAvailableSlotsFiltering" name="test_available_slots_invalid_system" time="0.057" /><testcase classname="tests.test_safeweb_serpro.TestAssignmentValidation" name="test_assign_safeweb_to_agent_without_permission_fails" time="0.256"><skipped type="pytest.skip" message="Could not create test appointment: {&quot;id&quot;:&quot;e6c3751c-9031-49cf-80fc-e826da2b84df&quot;,&quot;user_id&quot;:null,&quot;first_name&quot;:&quot;TEST_AssignFail&quot;,&quot;last_name&quot;:&quot;Safeweb&quot;,&quot;protocol_number&quot;:&quot;TEST-ASSIGN-001&quot;,&quot;additional_protocols&quot;:[],&quot;has_chat&quot;:false,&quot;document_urls&quot;:[],&quot;date&quot;:&quot;2026-02-26&quot;,&quot;time_slot&quot;:&quot;08:00&quot;,&quot;appointment_type&quot;:&quot;videoconferencia&quot;,&quot;status&quot;:&quot;pendente_atribuicao&quot;,&quot;notes&quot;:null,&quot;emission_system&quot;:&quot;safeweb&quot;,&quot;created_by&quot;:&quot;1de787ef-f3cd-45f9-a953-ae70942381c8&quot;,&quot;created_at&quot;:&quot;2026-02-25T23:23:34.132405+00:00&quot;,&quot;updated_at&quot;:&quot;2026-02-25T23:23:34.132405+00:00&quot;,&quot;reserved_at&quot;:&quot;2026-02-25T23:23:34.132405+00:00&quot;}">/app/backend/tests/test_safeweb_serpro.py:456: Could not create test appointment: {"id":"e6c3751c-9031-49cf-80fc-e826da2b84df","user_id":null,"first_name":"TEST_AssignFail","last_name":"Safeweb","protocol_number":"TEST-ASSIGN-001","additional_protocols":[],"has_chat":false,"document_urls":[],"date":"2026-02-26","time_slot":"08:00","appointment_type":"videoconferencia","status":"pendente_atribuicao","notes":null,"emission_system":"safeweb","created_by":"1de787ef-f3cd-45f9-a953-ae70942381c8","created_at":"2026-02-25T23:23:34.132405+00:00","updated_at":"2026-02-25T23:23:34.132405+00:00","reserved_at":"2026-02-25T23:23:34.132405+00:00"}</skipped></testcase><testcase classname="tests.test_safeweb_serpro.TestAssignmentValidation" name="test_assign_safeweb_to_agent_with_permission_succeeds" time="0.266"><skipped type="pytest.skip" message="Could not create test appointment: {&quot;id&quot;:&quot;8ddc53e9-e6d1-493d-a64d-aeec13b2be70&quot;,&quot;user_id&quot;:null,&quot;first_name&quot;:&quot;TEST_AssignSuccess&quot;,&quot;last_name&quot;:&quot;Safeweb&quot;,&quot;protocol_number&quot;:&quot;TEST-ASSIGN-002&quot;,&quot;additional_protocols&quot;:[],&quot;has_chat&quot;:false,&quot;document_urls&quot;:[],&quot;date&quot;:&quot;2026-02-26&quot;,&quot;time_slot&quot;:&quot;08:00&quot;,&quot;appointment_type&quot;:&quot;videoconferencia&quot;,&quot;status&quot;:&quot;pendente_atribuicao&quot;,&quot;notes&quot;:null,&quot;emission_system&quot;:&quot;safeweb&quot;,&quot;created_by&quot;:&quot;1de787ef-f3cd-45f9-a953-ae70942381c8&quot;,&quot;created_at&quot;:&quot;2026-02-25T23:23:34.407729+00:00&quot;,&quot;updated_at&quot;:&quot;2026-02-25T23:23:34.407729+00:00&quot;,&quot;reserved_at&quot;:&quot;2026-02-25T23:23:34.407729+00:00&quot;}">/app/backend/tests/test_safeweb_serpro.py:515: Could not create test appointment: {"id":"8ddc53e9-e6d1-493d-a64d-aeec13b2be70","user_id":null,"first_name":"TEST_AssignSuccess","last_name":"Safeweb","protocol_number":"TEST-ASSIGN-002","additional_protocols":[],"has_chat":false,"document_urls":[],"date":"2026-02-26","time_slot":"08:00","appointment_type":"videoconferencia","status":"pendente_atribuicao","notes":null,"emission_system":"safeweb","created_by":"1de787ef-f3cd-45f9-a953-ae70942381c8","created_at":"2026-02-25T23:23:34.407729+00:00","updated_at":"2026-02-25T23:23:34.407729+00:00","reserved_at":"2026-02-25T23:23:34.407729+00:00"}</skipped></testcase><testcase classname="tests.test_safeweb_serpro.TestRedistribution" name="test_check_redistribution_endpoint" time="0.272"><skipped type="pytest.skip" message="Could not create test appointment: {&quot;id&quot;:&quot;d2820821-54de-4463-af82-f73a2b5d4ac9&quot;,&quot;user_id&quot;:null,&quot;first_name&quot;:&quot;TEST_Redist&quot;,&quot;last_name&quot;:&quot;Check&quot;,&quot;protocol_number&quot;:&quot;TEST-REDIST-001&quot;,&quot;additional_protocols&quot;:[],&quot;has_chat&quot;:false,&quot;document_urls&quot;:[],&quot;date&quot;:&quot;2026-02-26&quot;,&quot;time_slot&quot;:&quot;08:00&quot;,&quot;appointment_type&quot;:&quot;videoconferencia&quot;,&quot;status&quot;:&quot;pendente_atribuicao&quot;,&quot;notes&quot;:null,&quot;emission_system&quot;:&quot;safeweb&quot;,&quot;created_by&quot;:&quot;1de787ef-f3cd-45f9-a953-ae70942381c8&quot;,&quot;created_at&quot;:&quot;2026-02-25T23:23:34.687203+00:00&quot;,&quot;updated_at&quot;:&quot;2026-02-25T23:23:34.687203+00:00&quot;,&quot;reserved_at&quot;:&quot;2026-02-25T23:23:34.687203+00:00&quot;}">/app/backend/tests/test_safeweb_serpro.py:580: Could not create test appointment: {"id":"d2820821-54de-4463-af82-f73a2b5d4ac9","user_id":null,"first_name":"TEST_Redist","last_name":"Check","protocol_number":"TEST-REDIST-001","additional_protocols":[],"has_chat":false,"document_urls":[],"date":"2026-02-26","time_slot":"08:00","appointment_type":"videoconferencia","status":"pendente_atribuicao","notes":null,"emission_system":"safeweb","created_by":"1de787ef-f3cd-45f9-a953-ae70942381c8","created_at":"2026-02-25T23:23:34.687203+00:00","updated_at":"2026-02-25T23:23:34.687203+00:00","reserved_at":"2026-02-25T23:23:34.687203+00:00"}</skipped></testcase><testcase classname="tests.test_safeweb_serpro.TestRedistribution" name="test_redistribute_endpoint_exists" time="0.074" /><testcase classname="tests.test_safeweb_serpro.TestEmissionSystemBadge" name="test_appointments_list_includes_emission_system" time="0.063" /><testcase classname="tests.test_safeweb_serpro.TestEmissionSystemBadge" name="test_single_appointment_includes_emission_system" time="0.167" /></testsuite></testsuites>