<?xml version="1.0" encoding="utf-8"?><testsuites name="pytest tests"><testsuite name="pytest" errors="0" failures="0" skipped="0" tests="15" time="6.178" timestamp="2026-02-25T22:27:21.072612+00:00" hostname="agent-env-1c18aa77-d343-4360-8bec-e68739c1e17c"><testcase classname="tests.test_sprint5_features.TestAuthAndSetup" name="test_supervisor_login" time="0.434" /><testcase classname="tests.test_sprint5_features.TestAuthAndSetup" name="test_televendas_login" time="0.389" /><testcase classname="tests.test_sprint5_features.TestAppointmentHistory" name="test_get_history_endpoint_exists" time="0.786" /><testcase classname="tests.test_sprint5_features.TestAppointmentHistory" name="test_history_has_correct_structure" time="0.226" /><testcase classname="tests.test_sprint5_features.TestAppointmentHistory" name="test_history_404_for_invalid_appointment" time="0.219" /><testcase classname="tests.test_sprint5_features.TestCSVExport" name="test_daily_csv_export_supervisor" time="0.517" /><testcase classname="tests.test_sprint5_features.TestCSVExport" name="test_daily_csv_export_forbidden_for_televendas" time="0.552" /><testcase classname="tests.test_sprint5_features.TestCSVExport" name="test_weekly_hours_csv_export_supervisor" time="0.154" /><testcase classname="tests.test_sprint5_features.TestCSVExport" name="test_weekly_hours_csv_export_forbidden_for_televendas" time="0.205" /><testcase classname="tests.test_sprint5_features.TestRecurringAppointments" name="test_recurring_endpoint_exists" time="0.789" /><testcase classname="tests.test_sprint5_features.TestRecurringAppointments" name="test_recurring_requires_new_protocol" time="0.127" /><testcase classname="tests.test_sprint5_features.TestRecurringAppointments" name="test_recurring_info_endpoint" time="0.349" /><testcase classname="tests.test_sprint5_features.TestReportsEndpoints" name="test_daily_report_endpoint" time="0.559" /><testcase classname="tests.test_sprint5_features.TestReportsEndpoints" name="test_weekly_hours_endpoint" time="0.149" /><testcase classname="tests.test_sprint5_features.TestDarkModeBackendSupport" name="test_user_data_no_theme_field" time="0.519" /></testsuite></testsuites>