<?xml version="1.0" encoding="utf-8"?><testsuites name="pytest tests"><testsuite name="pytest" errors="0" failures="0" skipped="0" tests="16" time="3.832" timestamp="2026-02-09T13:04:14.948164+00:00" hostname="agent-env-166d9361-9b6c-4e7d-a49d-4e159a29636c"><testcase classname="tests.test_sprint2_features.TestFilteredAppointments" name="test_filtered_endpoint_exists" time="0.374" /><testcase classname="tests.test_sprint2_features.TestFilteredAppointments" name="test_filter_by_status" time="0.045" /><testcase classname="tests.test_sprint2_features.TestFilteredAppointments" name="test_filter_by_date_range" time="0.039" /><testcase classname="tests.test_sprint2_features.TestFilteredAppointments" name="test_filter_by_search" time="0.038" /><testcase classname="tests.test_sprint2_features.TestFilteredAppointments" name="test_combined_filters" time="0.041" /><testcase classname="tests.test_sprint2_features.TestNotificationsEnhanced" name="test_get_all_notifications" time="0.303" /><testcase classname="tests.test_sprint2_features.TestNotificationsEnhanced" name="test_get_unread_notifications" time="0.036" /><testcase classname="tests.test_sprint2_features.TestNotificationsEnhanced" name="test_mark_all_read_endpoint" time="0.040" /><testcase classname="tests.test_sprint2_features.TestNotificationsEnhanced" name="test_delete_notification_endpoint" time="0.119" /><testcase classname="tests.test_sprint2_features.TestNotificationsEnhanced" name="test_delete_all_read_notifications" time="0.036" /><testcase classname="tests.test_sprint2_features.TestDashboardStats" name="test_dashboard_stats_endpoint" time="0.309" /><testcase classname="tests.test_sprint2_features.TestDashboardStats" name="test_dashboard_stats_with_specific_date" time="0.044" /><testcase classname="tests.test_sprint2_features.TestDashboardStats" name="test_dashboard_stats_forbidden_for_non_supervisor" time="0.342" /><testcase classname="tests.test_sprint2_features.TestAutoAssignSystem" name="test_auto_assign_field_in_stats" time="0.315" /><testcase classname="tests.test_sprint2_features.TestAutoAssignSystem" name="test_create_pending_appointment" time="1.387" /><testcase classname="tests.test_sprint2_features.TestAttendantsEndpoint" name="test_get_attendants" time="0.308" /></testsuite></testsuites>